Found configuration in /workspaces/azure-sdk-for-js/rush.json


[1mRush Multi-Project Build Tool 5.40.7[22m[36m - https://rushjs.io[39m
Node.js version is 14.17.3 (LTS)

Found configuration in /workspaces/azure-sdk-for-js/rush.json

Executing: "npm run extract-api && tsc -p . && rollup -c 2>&1"


> @azure/identity@2.0.0-beta.5 extract-api /workspaces/azure-sdk-for-js/sdk/identity/identity
> tsc -p . && api-extractor run --local

src/credentials/authorizationCodeCredential.ts(168,49): error TS2339: Property 'createWebResource' does not exist on type 'IdentityClient'.
src/credentials/clientSecretCredential.browser.ts(76,47): error TS2339: Property 'createWebResource' does not exist on type 'IdentityClient'.
src/credentials/managedIdentityCredential/appServiceMsi2017.ts(19,70): error TS2304: Cannot find name 'RequestPrepareOptions'.
src/credentials/managedIdentityCredential/arcMsi.ts(18,52): error TS2304: Cannot find name 'RequestPrepareOptions'.
src/credentials/managedIdentityCredential/arcMsi.ts(50,26): error TS2304: Cannot find name 'RequestPrepareOptions'.
src/credentials/managedIdentityCredential/arcMsi.ts(53,20): error TS2339: Property 'createWebResource' does not exist on type 'IdentityClient'.
src/credentials/managedIdentityCredential/cloudShellMsi.ts(18,70): error TS2304: Cannot find name 'RequestPrepareOptions'.
src/credentials/managedIdentityCredential/fabricMsi.ts(18,70): error TS2304: Cannot find name 'RequestPrepareOptions'.
src/credentials/managedIdentityCredential/imdsMsi.ts(29,71): error TS2304: Cannot find name 'RequestPrepareOptions'.
src/credentials/managedIdentityCredential/imdsMsi.ts(62,23): error TS2304: Cannot find name 'GetTokenOptions'.
src/credentials/managedIdentityCredential/imdsMsi.ts(90,42): error TS2339: Property 'createWebResource' does not exist on type 'IdentityClient'.
src/credentials/managedIdentityCredential/imdsMsi.ts(98,53): error TS2304: Cannot find name 'RestError'.
src/credentials/managedIdentityCredential/imdsMsi.ts(136,22): error TS2304: Cannot find name 'GetTokenOptions'.
src/credentials/managedIdentityCredential/imdsMsi.ts(137,14): error TS2304: Cannot find name 'AccessToken'.
src/credentials/managedIdentityCredential/imdsMsi.ts(153,17): error TS2304: Cannot find name 'delay'.
src/credentials/managedIdentityCredential/utils.ts(33,19): error TS2304: Cannot find name 'RequestPrepareOptions'.
src/credentials/managedIdentityCredential/utils.ts(33,19): error TS4078: Parameter 'requestOptions' of exported function has or is using private name 'RequestPrepareOptions'.
src/credentials/managedIdentityCredential/utils.ts(37,38): error TS2339: Property 'createWebResource' does not exist on type 'IdentityClient'.
src/credentials/usernamePasswordCredential.browser.ts(77,47): error TS2339: Property 'createWebResource' does not exist on type 'IdentityClient'.
src/msal/utils.ts(87,34): error TS2552: Cannot find name 'isNode'. Did you mean 'Node'?
src/util/tracing.ts(27,12): error TS2304: Cannot find name 'OperationOptions'.
src/util/tracing.ts(27,12): error TS4078: Parameter 'options' of exported function has or is using private name 'OperationOptions'.
src/util/tracing.ts(28,17): error TS2304: Cannot find name 'OperationOptions'.
src/util/tracing.ts(28,17): error TS4078: Parameter 'options' of exported function has or is using private name 'OperationOptions'.
test/authTestUtils.ts(10,11): error TS2304: Cannot find name 'RestError'.
test/authTestUtils.ts(10,11): error TS4033: Property 'error' of exported interface has or is using private name 'RestError'.
test/authTestUtils.ts(11,13): error TS2304: Cannot find name 'HttpHeaders'.
test/authTestUtils.ts(11,13): error TS4033: Property 'headers' of exported interface has or is using private name 'HttpHeaders'.
test/authTestUtils.ts(21,44): error TS2304: Cannot find name 'HttpClient'.
test/authTestUtils.ts(21,44): error TS4019: Implements clause of exported class 'MockAuthHttpClient' has or is using private name 'HttpClient'.
test/authTestUtils.ts(27,20): error TS2304: Cannot find name 'WebResource'.
test/authTestUtils.ts(27,20): error TS4031: Public property 'requests' of exported class has or is using private name 'WebResource'.
test/authTestUtils.ts(41,24): error TS2304: Cannot find name 'HttpHeaders'.
test/authTestUtils.ts(61,34): error TS2304: Cannot find name 'WebResource'.
test/authTestUtils.ts(61,34): error TS4073: Parameter 'httpRequest' of public method from exported class has or is using private name 'WebResource'.
test/authTestUtils.ts(61,56): error TS2304: Cannot find name 'HttpOperationResponse'.
test/authTestUtils.ts(61,56): error TS4055: Return type of public method from exported class has or is using private name 'HttpOperationResponse'.
test/authTestUtils.ts(65,17): error TS2304: Cannot find name 'RestError'.
test/authTestUtils.ts(65,48): error TS2304: Cannot find name 'RestError'.
test/authTestUtils.ts(81,44): error TS2304: Cannot find name 'HttpHeaders'.
test/authTestUtils.ts(93,16): error TS2304: Cannot find name 'WebResource'.
test/authTestUtils.ts(93,16): error TS4078: Parameter 'authRequest' of exported function has or is using private name 'WebResource'.
test/authTestUtils.ts(122,16): error TS2304: Cannot find name 'WebResource'.
test/authTestUtils.ts(122,16): error TS4078: Parameter 'authRequest' of exported function has or is using private name 'WebResource'.
test/authTestUtils.ts(234,19): error TS2304: Cannot find name 'coreHttp'.
test/authTestUtils.ts(241,5): error TS2304: Cannot find name 'coreHttp'.
test/internal/identityClient.spec.ts(60,11): error TS2304: Cannot find name 'isNode'.
test/internal/identityClient.spec.ts(87,10): error TS2304: Cannot find name 'isNode'.
test/internal/identityClient.spec.ts(96,10): error TS2304: Cannot find name 'isNode'.
test/internal/identityClient.spec.ts(141,11): error TS2304: Cannot find name 'isNode'.
test/internal/node/managedIdentityCredential.spec.ts(27,13): error TS2304: Cannot find name 'WebResource'.
test/internal/node/managedIdentityCredential.spec.ts(118,89): error TS2554: Expected 1-2 arguments, but got 3.
test/internal/node/managedIdentityCredential.spec.ts(156,81): error TS2554: Expected 1-2 arguments, but got 3.
test/internal/node/managedIdentityCredential.spec.ts(173,83): error TS2554: Expected 1-2 arguments, but got 3.
test/internal/node/managedIdentityCredential.spec.ts(259,37): error TS2304: Cannot find name 'HttpHeaders'.
test/internal/node/managedIdentityCredential.spec.ts(260,37): error TS2304: Cannot find name 'HttpHeaders'.
test/internal/node/managedIdentityCredential.spec.ts(261,37): error TS2304: Cannot find name 'HttpHeaders'.
test/internal/node/managedIdentityCredential.spec.ts(265,37): error TS2304: Cannot find name 'HttpHeaders'.
test/internal/node/managedIdentityCredential.spec.ts(266,37): error TS2304: Cannot find name 'HttpHeaders'.
test/internal/node/managedIdentityCredential.spec.ts(267,37): error TS2304: Cannot find name 'HttpHeaders'.
test/internal/node/managedIdentityCredential.spec.ts(411,26): error TS2304: Cannot find name 'HttpHeaders'.
[31mThe script failed with exit code 1[39m
